This file contains any messages produced by compilers while
running configure, to aid debugging if configure makes a mistake.

It was created by cufflinks configure 2.2.2, which was
generated by GNU Autoconf 2.71.  Invocation command line was

  $ ./configure --prefix=/scratch/gent/vo/001/gvo00117/easybuild/RHEL8/cascadelake-ampere-ib/software/Cufflinks/20190706-GCC-11.2.0 --with-boost=/scratch/gent/vo/001/gvo00117/easybuild/RHEL8/cascadelake-ampere-ib/software/Boost/1.75.0-GCC-11.2.0 --with-bam=/apps/gent/RHEL8/cascadelake-ib/software/SAMtools/1.14-GCC-11.2.0

## --------- ##
## Platform. ##
## --------- ##

hostname = node4006.donphan.os
uname -m = x86_64
uname -r = 4.18.0-372.46.1.el8_6.x86_64
uname -s = Linux
uname -v = #1 SMP Thu Feb 16 13:46:57 EST 2023

/usr/bin/uname -p = x86_64
/bin/uname -X     = unknown

/bin/arch              = x86_64
/usr/bin/arch -k       = unknown
/usr/convex/getsysinfo = unknown
/usr/bin/hostinfo      = unknown
/bin/machine           = unknown
/usr/bin/oslevel       = unknown
/bin/universe          = unknown

PATH: /apps/gent/RHEL8/cascadelake-ib/software/HTSlib/1.14-GCC-11.2.0/bin/
PATH: /apps/gent/RHEL8/cascadelake-ib/software/zstd/1.5.0-GCCcore-11.2.0/bin/
PATH: /apps/gent/RHEL8/cascadelake-ib/software/OpenSSL/1.1/bin/
PATH: /apps/gent/RHEL8/cascadelake-ib/software/cURL/7.78.0-GCCcore-11.2.0/bin/
PATH: /apps/gent/RHEL8/cascadelake-ib/software/bzip2/1.0.8-GCCcore-11.2.0/bin/
PATH: /apps/gent/RHEL8/cascadelake-ib/software/XZ/5.2.5-GCCcore-11.2.0/bin/
PATH: /apps/gent/RHEL8/cascadelake-ib/software/ICU/69.1-GCCcore-11.2.0/sbin/
PATH: /apps/gent/RHEL8/cascadelake-ib/software/ICU/69.1-GCCcore-11.2.0/bin/
PATH: /apps/gent/RHEL8/cascadelake-ib/software/lz4/1.9.3-GCCcore-11.2.0/bin/
PATH: /apps/gent/RHEL8/cascadelake-ib/software/gzip/1.10-GCCcore-11.2.0/bin/
PATH: /apps/gent/RHEL8/cascadelake-ib/software/SAMtools/1.14-GCC-11.2.0/bin/
PATH: /apps/gent/RHEL8/cascadelake-ib/software/libtool/2.4.6-GCCcore-11.2.0/bin/
PATH: /apps/gent/RHEL8/cascadelake-ib/software/Automake/1.16.4-GCCcore-11.2.0/bin/
PATH: /apps/gent/RHEL8/cascadelake-ib/software/Autoconf/2.71-GCCcore-11.2.0/bin/
PATH: /apps/gent/RHEL8/cascadelake-ib/software/Perl/5.34.0-GCCcore-11.2.0/bin/
PATH: /apps/gent/RHEL8/cascadelake-ib/software/DB/18.1.40-GCCcore-11.2.0/bin/
PATH: /apps/gent/RHEL8/cascadelake-ib/software/ncurses/6.2-GCCcore-11.2.0/bin/
PATH: /apps/gent/RHEL8/cascadelake-ib/software/expat/2.4.1-GCCcore-11.2.0/bin/
PATH: /apps/gent/RHEL8/cascadelake-ib/software/M4/1.4.19-GCCcore-11.2.0/bin/
PATH: /apps/gent/RHEL8/cascadelake-ib/software/binutils/2.37-GCCcore-11.2.0/bin/
PATH: /apps/gent/RHEL8/cascadelake-ib/software/GCCcore/11.2.0/bin/
PATH: /usr/libexec/jobcli/
PATH: /user/gent/445/vsc44588/.local/bin/
PATH: /user/gent/445/vsc44588/easybuild/easybuild-framework/
PATH: /opt/VirtualGL/bin/
PATH: /usr/local/bin/
PATH: /usr/bin/
PATH: /usr/local/sbin/
PATH: /usr/sbin/
PATH: /user/gent/445/vsc44588/.dotnet/tools/


## ----------- ##
## Core tests. ##
## ----------- ##

configure:2761: looking for aux files: config.guess config.sub ar-lib compile missing install-sh
configure:2774:  trying ./build-aux/
configure:2803:   ./build-aux/config.guess found
configure:2803:   ./build-aux/config.sub found
configure:2803:   ./build-aux/ar-lib found
configure:2803:   ./build-aux/compile found
configure:2803:   ./build-aux/missing found
configure:2785:   ./build-aux/install-sh found
configure:2940: checking for a BSD-compatible install
configure:3013: result: /usr/bin/install -c
configure:3024: checking whether build environment is sane
configure:3079: result: yes
configure:3238: checking for a race-free mkdir -p
configure:3282: result: /usr/bin/mkdir -p
configure:3289: checking for gawk
configure:3310: found /usr/bin/gawk
configure:3321: result: gawk
configure:3332: checking whether make sets $(MAKE)
configure:3355: result: yes
configure:3385: checking whether make supports nested variables
configure:3403: result: yes
configure:3560: checking for gawk
configure:3592: result: gawk
configure:3731: checking for C++ compiler version
configure:3740: g++ --version >&5
g++ (GCC) 11.2.0
Copyright (C) 2021 Free Software Foundation, Inc.
This is free software; see the source for copying conditions.  There is NO
warranty; not even for MERCHANTABILITY or FITNESS FOR A PARTICULAR PURPOSE.

configure:3751: $? = 0
configure:3740: g++ -v >&5
Using built-in specs.
COLLECT_GCC=g++
COLLECT_LTO_WRAPPER=/kyukon/home/apps/RHEL8/cascadelake-ib/software/GCCcore/11.2.0/bin/../libexec/gcc/x86_64-pc-linux-gnu/11.2.0/lto-wrapper
OFFLOAD_TARGET_NAMES=nvptx-none
Target: x86_64-pc-linux-gnu
Configured with: ../configure --enable-languages=c,c++,fortran --without-cuda-driver --enable-offload-targets=nvptx-none --enable-lto --enable-checking=release --disable-multilib --enable-shared=yes --enable-static=yes --enable-threads=posix --enable-plugins --enable-gold=default --enable-ld --with-plugin-ld=ld.gold --prefix=/apps/gent/RHEL8/cascadelake-ib/software/GCCcore/11.2.0 --with-local-prefix=/apps/gent/RHEL8/cascadelake-ib/software/GCCcore/11.2.0 --enable-bootstrap --with-isl=/tmp/vsc40003/easybuild/GCCcore/11.2.0/system-system/gcc-11.2.0/stage2_stuff --build=x86_64-pc-linux-gnu --host=x86_64-pc-linux-gnu
Thread model: posix
Supported LTO compression algorithms: zlib zstd
gcc version 11.2.0 (GCC) 
configure:3751: $? = 0
configure:3740: g++ -V >&5
g++: error: unrecognized command-line option '-V'
g++: fatal error: no input files
compilation terminated.
configure:3751: $? = 1
configure:3740: g++ -qversion >&5
g++: error: unrecognized command-line option '-qversion'; did you mean '--version'?
g++: fatal error: no input files
compilation terminated.
configure:3751: $? = 1
configure:3771: checking whether the C++ compiler works
configure:3793: g++ -O2 -ftree-vectorize -march=native -fno-math-errno -fPIC -static -I/apps/gent/RHEL8/cascadelake-ib/software/HTSlib/1.14-GCC-11.2.0/include -I/apps/gent/RHEL8/cascadelake-ib/software/zlib/1.2.11-GCCcore-11.2.0/include -I/apps/gent/RHEL8/cascadelake-ib/software/zstd/1.5.0-GCCcore-11.2.0/include -I/apps/gent/RHEL8/cascadelake-ib/software/OpenSSL/1.1/include -I/apps/gent/RHEL8/cascadelake-ib/software/cURL/7.78.0-GCCcore-11.2.0/include -I/apps/gent/RHEL8/cascadelake-ib/software/bzip2/1.0.8-GCCcore-11.2.0/include -I/apps/gent/RHEL8/cascadelake-ib/software/XZ/5.2.5-GCCcore-11.2.0/include -I/scratch/gent/vo/001/gvo00117/easybuild/RHEL8/cascadelake-ampere-ib/software/Boost/1.75.0-GCC-11.2.0/include -I/apps/gent/RHEL8/cascadelake-ib/software/SAMtools/1.14-GCC-11.2.0/include -I/apps/gent/RHEL8/cascadelake-ib/software/Eigen/3.3.9-GCCcore-11.2.0/include -L/apps/gent/RHEL8/cascadelake-ib/software/HTSlib/1.14-GCC-11.2.0/lib64 -L/apps/gent/RHEL8/cascadelake-ib/software/HTSlib/1.14-GCC-11.2.0/lib -L/apps/gent/RHEL8/cascadelake-ib/software/zlib/1.2.11-GCCcore-11.2.0/lib64 -L/apps/gent/RHEL8/cascadelake-ib/software/zlib/1.2.11-GCCcore-11.2.0/lib -L/apps/gent/RHEL8/cascadelake-ib/software/zstd/1.5.0-GCCcore-11.2.0/lib64 -L/apps/gent/RHEL8/cascadelake-ib/software/zstd/1.5.0-GCCcore-11.2.0/lib -L/apps/gent/RHEL8/cascadelake-ib/software/OpenSSL/1.1/lib64 -L/apps/gent/RHEL8/cascadelake-ib/software/OpenSSL/1.1/lib -L/apps/gent/RHEL8/cascadelake-ib/software/cURL/7.78.0-GCCcore-11.2.0/lib64 -L/apps/gent/RHEL8/cascadelake-ib/software/cURL/7.78.0-GCCcore-11.2.0/lib -L/apps/gent/RHEL8/cascadelake-ib/software/bzip2/1.0.8-GCCcore-11.2.0/lib64 -L/apps/gent/RHEL8/cascadelake-ib/software/bzip2/1.0.8-GCCcore-11.2.0/lib -L/apps/gent/RHEL8/cascadelake-ib/software/XZ/5.2.5-GCCcore-11.2.0/lib64 -L/apps/gent/RHEL8/cascadelake-ib/software/XZ/5.2.5-GCCcore-11.2.0/lib -L/scratch/gent/vo/001/gvo00117/easybuild/RHEL8/cascadelake-ampere-ib/software/Boost/1.75.0-GCC-11.2.0/lib64 -L/scratch/gent/vo/001/gvo00117/easybuild/RHEL8/cascadelake-ampere-ib/software/Boost/1.75.0-GCC-11.2.0/lib -L/apps/gent/RHEL8/cascadelake-ib/software/SAMtools/1.14-GCC-11.2.0/lib64 -L/apps/gent/RHEL8/cascadelake-ib/software/SAMtools/1.14-GCC-11.2.0/lib -L/apps/gent/RHEL8/cascadelake-ib/software/GCCcore/11.2.0/lib64 -L/apps/gent/RHEL8/cascadelake-ib/software/GCCcore/11.2.0/lib conftest.cpp -lm -lpthread -lhts -llzma -lbz2 -lcurl -lzstd -lssl >&5
/apps/gent/RHEL8/cascadelake-ib/software/binutils/2.37-GCCcore-11.2.0/bin/ld.gold: error: cannot find -lssl
collect2: error: ld returned 1 exit status
configure:3797: $? = 1
configure:3837: result: no
configure: failed program was:
| /* confdefs.h */
| #define PACKAGE_NAME "cufflinks"
| #define PACKAGE_TARNAME "cufflinks"
| #define PACKAGE_VERSION "2.2.2"
| #define PACKAGE_STRING "cufflinks 2.2.2"
| #define PACKAGE_BUGREPORT "cole@cs.umd.edu"
| #define PACKAGE_URL ""
| #define SVN_REVISION "Unversioned directory"
| #define PACKAGE "cufflinks"
| #define VERSION "2.2.2"
| /* end confdefs.h.  */
| 
| int
| main (void)
| {
| 
|   ;
|   return 0;
| }
configure:3842: error: in `/tmp/vsc44588/easybuild/build/Cufflinks/20190706/GCC-11.2.0/cufflinks-dc3b0cb72a4ac2b6bbc887099e71fc0c21e107b7':
configure:3844: error: C++ compiler cannot create executables
See `config.log' for more details

## ---------------- ##
## Cache variables. ##
## ---------------- ##

ac_cv_env_CCC_set=
ac_cv_env_CCC_value=
ac_cv_env_CC_set=set
ac_cv_env_CC_value=gcc
ac_cv_env_CFLAGS_set=set
ac_cv_env_CFLAGS_value='-O2 -ftree-vectorize -march=native -fno-math-errno -fPIC -static -fcommon'
ac_cv_env_CPPFLAGS_set=set
ac_cv_env_CPPFLAGS_value='-I/apps/gent/RHEL8/cascadelake-ib/software/HTSlib/1.14-GCC-11.2.0/include -I/apps/gent/RHEL8/cascadelake-ib/software/zlib/1.2.11-GCCcore-11.2.0/include -I/apps/gent/RHEL8/cascadelake-ib/software/zstd/1.5.0-GCCcore-11.2.0/include -I/apps/gent/RHEL8/cascadelake-ib/software/OpenSSL/1.1/include -I/apps/gent/RHEL8/cascadelake-ib/software/cURL/7.78.0-GCCcore-11.2.0/include -I/apps/gent/RHEL8/cascadelake-ib/software/bzip2/1.0.8-GCCcore-11.2.0/include -I/apps/gent/RHEL8/cascadelake-ib/software/XZ/5.2.5-GCCcore-11.2.0/include -I/scratch/gent/vo/001/gvo00117/easybuild/RHEL8/cascadelake-ampere-ib/software/Boost/1.75.0-GCC-11.2.0/include -I/apps/gent/RHEL8/cascadelake-ib/software/SAMtools/1.14-GCC-11.2.0/include -I/apps/gent/RHEL8/cascadelake-ib/software/Eigen/3.3.9-GCCcore-11.2.0/include'
ac_cv_env_CXXFLAGS_set=set
ac_cv_env_CXXFLAGS_value='-O2 -ftree-vectorize -march=native -fno-math-errno -fPIC -static'
ac_cv_env_CXX_set=set
ac_cv_env_CXX_value=g++
ac_cv_env_LDFLAGS_set=set
ac_cv_env_LDFLAGS_value='-L/apps/gent/RHEL8/cascadelake-ib/software/HTSlib/1.14-GCC-11.2.0/lib64 -L/apps/gent/RHEL8/cascadelake-ib/software/HTSlib/1.14-GCC-11.2.0/lib -L/apps/gent/RHEL8/cascadelake-ib/software/zlib/1.2.11-GCCcore-11.2.0/lib64 -L/apps/gent/RHEL8/cascadelake-ib/software/zlib/1.2.11-GCCcore-11.2.0/lib -L/apps/gent/RHEL8/cascadelake-ib/software/zstd/1.5.0-GCCcore-11.2.0/lib64 -L/apps/gent/RHEL8/cascadelake-ib/software/zstd/1.5.0-GCCcore-11.2.0/lib -L/apps/gent/RHEL8/cascadelake-ib/software/OpenSSL/1.1/lib64 -L/apps/gent/RHEL8/cascadelake-ib/software/OpenSSL/1.1/lib -L/apps/gent/RHEL8/cascadelake-ib/software/cURL/7.78.0-GCCcore-11.2.0/lib64 -L/apps/gent/RHEL8/cascadelake-ib/software/cURL/7.78.0-GCCcore-11.2.0/lib -L/apps/gent/RHEL8/cascadelake-ib/software/bzip2/1.0.8-GCCcore-11.2.0/lib64 -L/apps/gent/RHEL8/cascadelake-ib/software/bzip2/1.0.8-GCCcore-11.2.0/lib -L/apps/gent/RHEL8/cascadelake-ib/software/XZ/5.2.5-GCCcore-11.2.0/lib64 -L/apps/gent/RHEL8/cascadelake-ib/software/XZ/5.2.5-GCCcore-11.2.0/lib -L/scratch/gent/vo/001/gvo00117/easybuild/RHEL8/cascadelake-ampere-ib/software/Boost/1.75.0-GCC-11.2.0/lib64 -L/scratch/gent/vo/001/gvo00117/easybuild/RHEL8/cascadelake-ampere-ib/software/Boost/1.75.0-GCC-11.2.0/lib -L/apps/gent/RHEL8/cascadelake-ib/software/SAMtools/1.14-GCC-11.2.0/lib64 -L/apps/gent/RHEL8/cascadelake-ib/software/SAMtools/1.14-GCC-11.2.0/lib -L/apps/gent/RHEL8/cascadelake-ib/software/GCCcore/11.2.0/lib64 -L/apps/gent/RHEL8/cascadelake-ib/software/GCCcore/11.2.0/lib'
ac_cv_env_LIBS_set=set
ac_cv_env_LIBS_value='-lm -lpthread -lhts -llzma -lbz2 -lcurl -lzstd -lssl'
ac_cv_env_PYTHON_set=
ac_cv_env_PYTHON_value=
ac_cv_env_build_alias_set=
ac_cv_env_build_alias_value=
ac_cv_env_host_alias_set=
ac_cv_env_host_alias_value=
ac_cv_env_target_alias_set=
ac_cv_env_target_alias_value=
ac_cv_path_install='/usr/bin/install -c'
ac_cv_path_mkdir=/usr/bin/mkdir
ac_cv_prog_AWK=gawk
ac_cv_prog_make_make_set=yes
am_cv_make_support_nested_variables=yes

## ----------------- ##
## Output variables. ##
## ----------------- ##

ACLOCAL='${SHELL} '\''/tmp/vsc44588/easybuild/build/Cufflinks/20190706/GCC-11.2.0/cufflinks-dc3b0cb72a4ac2b6bbc887099e71fc0c21e107b7/build-aux/missing'\'' aclocal-1.16'
AMDEPBACKSLASH=''
AMDEP_FALSE=''
AMDEP_TRUE=''
AMTAR='$${TAR-tar}'
AM_BACKSLASH='\'
AM_DEFAULT_V='$(AM_DEFAULT_VERBOSITY)'
AM_DEFAULT_VERBOSITY='1'
AM_V='$(V)'
AR=''
AUTOCONF='${SHELL} '\''/tmp/vsc44588/easybuild/build/Cufflinks/20190706/GCC-11.2.0/cufflinks-dc3b0cb72a4ac2b6bbc887099e71fc0c21e107b7/build-aux/missing'\'' autoconf'
AUTOHEADER='${SHELL} '\''/tmp/vsc44588/easybuild/build/Cufflinks/20190706/GCC-11.2.0/cufflinks-dc3b0cb72a4ac2b6bbc887099e71fc0c21e107b7/build-aux/missing'\'' autoheader'
AUTOMAKE='${SHELL} '\''/tmp/vsc44588/easybuild/build/Cufflinks/20190706/GCC-11.2.0/cufflinks-dc3b0cb72a4ac2b6bbc887099e71fc0c21e107b7/build-aux/missing'\'' automake-1.16'
AWK='gawk'
BAM_CPPFLAGS=''
BAM_LDFLAGS=''
BAM_LIB=''
BOOST_CPPFLAGS=''
BOOST_FILESYSTEM_LIB=''
BOOST_LDFLAGS=''
BOOST_SERIALIZATION_LIB=''
BOOST_SYSTEM_LIB=''
BOOST_THREAD_LIB=''
CC='gcc'
CCDEPMODE=''
CFLAGS='-O2 -ftree-vectorize -march=native -fno-math-errno -fPIC -static -fcommon'
CPPFLAGS='-I/apps/gent/RHEL8/cascadelake-ib/software/HTSlib/1.14-GCC-11.2.0/include -I/apps/gent/RHEL8/cascadelake-ib/software/zlib/1.2.11-GCCcore-11.2.0/include -I/apps/gent/RHEL8/cascadelake-ib/software/zstd/1.5.0-GCCcore-11.2.0/include -I/apps/gent/RHEL8/cascadelake-ib/software/OpenSSL/1.1/include -I/apps/gent/RHEL8/cascadelake-ib/software/cURL/7.78.0-GCCcore-11.2.0/include -I/apps/gent/RHEL8/cascadelake-ib/software/bzip2/1.0.8-GCCcore-11.2.0/include -I/apps/gent/RHEL8/cascadelake-ib/software/XZ/5.2.5-GCCcore-11.2.0/include -I/scratch/gent/vo/001/gvo00117/easybuild/RHEL8/cascadelake-ampere-ib/software/Boost/1.75.0-GCC-11.2.0/include -I/apps/gent/RHEL8/cascadelake-ib/software/SAMtools/1.14-GCC-11.2.0/include -I/apps/gent/RHEL8/cascadelake-ib/software/Eigen/3.3.9-GCCcore-11.2.0/include'
CSCOPE='cscope'
CTAGS='ctags'
CXX='g++'
CXXDEPMODE=''
CXXFLAGS='-O2 -ftree-vectorize -march=native -fno-math-errno -fPIC -static'
CYGPATH_W='echo'
DEFS=''
DEPDIR=''
ECHO_C=''
ECHO_N='-n'
ECHO_T=''
EIGEN_CPPFLAGS=''
ETAGS='etags'
EXEEXT=''
INSTALL_DATA='${INSTALL} -m 644'
INSTALL_PROGRAM='${INSTALL}'
INSTALL_SCRIPT='${INSTALL}'
INSTALL_STRIP_PROGRAM='$(install_sh) -c -s'
LDFLAGS='-L/apps/gent/RHEL8/cascadelake-ib/software/HTSlib/1.14-GCC-11.2.0/lib64 -L/apps/gent/RHEL8/cascadelake-ib/software/HTSlib/1.14-GCC-11.2.0/lib -L/apps/gent/RHEL8/cascadelake-ib/software/zlib/1.2.11-GCCcore-11.2.0/lib64 -L/apps/gent/RHEL8/cascadelake-ib/software/zlib/1.2.11-GCCcore-11.2.0/lib -L/apps/gent/RHEL8/cascadelake-ib/software/zstd/1.5.0-GCCcore-11.2.0/lib64 -L/apps/gent/RHEL8/cascadelake-ib/software/zstd/1.5.0-GCCcore-11.2.0/lib -L/apps/gent/RHEL8/cascadelake-ib/software/OpenSSL/1.1/lib64 -L/apps/gent/RHEL8/cascadelake-ib/software/OpenSSL/1.1/lib -L/apps/gent/RHEL8/cascadelake-ib/software/cURL/7.78.0-GCCcore-11.2.0/lib64 -L/apps/gent/RHEL8/cascadelake-ib/software/cURL/7.78.0-GCCcore-11.2.0/lib -L/apps/gent/RHEL8/cascadelake-ib/software/bzip2/1.0.8-GCCcore-11.2.0/lib64 -L/apps/gent/RHEL8/cascadelake-ib/software/bzip2/1.0.8-GCCcore-11.2.0/lib -L/apps/gent/RHEL8/cascadelake-ib/software/XZ/5.2.5-GCCcore-11.2.0/lib64 -L/apps/gent/RHEL8/cascadelake-ib/software/XZ/5.2.5-GCCcore-11.2.0/lib -L/scratch/gent/vo/001/gvo00117/easybuild/RHEL8/cascadelake-ampere-ib/software/Boost/1.75.0-GCC-11.2.0/lib64 -L/scratch/gent/vo/001/gvo00117/easybuild/RHEL8/cascadelake-ampere-ib/software/Boost/1.75.0-GCC-11.2.0/lib -L/apps/gent/RHEL8/cascadelake-ib/software/SAMtools/1.14-GCC-11.2.0/lib64 -L/apps/gent/RHEL8/cascadelake-ib/software/SAMtools/1.14-GCC-11.2.0/lib -L/apps/gent/RHEL8/cascadelake-ib/software/GCCcore/11.2.0/lib64 -L/apps/gent/RHEL8/cascadelake-ib/software/GCCcore/11.2.0/lib'
LIBOBJS=''
LIBS='-lm -lpthread -lhts -llzma -lbz2 -lcurl -lzstd -lssl'
LTLIBOBJS=''
MAKEINFO='${SHELL} '\''/tmp/vsc44588/easybuild/build/Cufflinks/20190706/GCC-11.2.0/cufflinks-dc3b0cb72a4ac2b6bbc887099e71fc0c21e107b7/build-aux/missing'\'' makeinfo'
MKDIR_P='/usr/bin/mkdir -p'
OBJEXT=''
PACKAGE='cufflinks'
PACKAGE_BUGREPORT='cole@cs.umd.edu'
PACKAGE_NAME='cufflinks'
PACKAGE_STRING='cufflinks 2.2.2'
PACKAGE_TARNAME='cufflinks'
PACKAGE_URL=''
PACKAGE_VERSION='2.2.2'
PATH_SEPARATOR=':'
PYTHON=''
PYTHON_EXEC_PREFIX=''
PYTHON_PLATFORM=''
PYTHON_PREFIX=''
PYTHON_VERSION=''
RANLIB=''
SET_MAKE=''
SHELL='/bin/sh'
STRIP=''
VERSION='2.2.2'
ZLIB=''
ac_ct_AR=''
ac_ct_CC=''
ac_ct_CXX=''
am__EXEEXT_FALSE=''
am__EXEEXT_TRUE=''
am__fastdepCC_FALSE=''
am__fastdepCC_TRUE=''
am__fastdepCXX_FALSE=''
am__fastdepCXX_TRUE=''
am__include=''
am__isrc=''
am__leading_dot='.'
am__nodep=''
am__quote=''
am__tar='$${TAR-tar} chof - "$$tardir"'
am__untar='$${TAR-tar} xf -'
bindir='${exec_prefix}/bin'
build=''
build_alias=''
build_cpu=''
build_os=''
build_vendor=''
datadir='${datarootdir}'
datarootdir='${prefix}/share'
docdir='${datarootdir}/doc/${PACKAGE_TARNAME}'
dvidir='${docdir}'
exec_prefix='NONE'
host=''
host_alias=''
host_cpu=''
host_os=''
host_vendor=''
htmldir='${docdir}'
includedir='${prefix}/include'
infodir='${datarootdir}/info'
install_sh='${SHELL} /tmp/vsc44588/easybuild/build/Cufflinks/20190706/GCC-11.2.0/cufflinks-dc3b0cb72a4ac2b6bbc887099e71fc0c21e107b7/build-aux/install-sh'
libdir='${exec_prefix}/lib'
libexecdir='${exec_prefix}/libexec'
localedir='${datarootdir}/locale'
localstatedir='${prefix}/var'
mandir='${datarootdir}/man'
mkdir_p='$(MKDIR_P)'
oldincludedir='/usr/include'
pdfdir='${docdir}'
pkgpyexecdir=''
pkgpythondir=''
prefix='/scratch/gent/vo/001/gvo00117/easybuild/RHEL8/cascadelake-ampere-ib/software/Cufflinks/20190706-GCC-11.2.0'
program_transform_name='s,x,x,'
psdir='${docdir}'
pyexecdir=''
pythondir=''
runstatedir='${localstatedir}/run'
sbindir='${exec_prefix}/sbin'
sharedstatedir='${prefix}/com'
sysconfdir='${prefix}/etc'
target_alias=''

## ----------- ##
## confdefs.h. ##
## ----------- ##

/* confdefs.h */
#define PACKAGE_NAME "cufflinks"
#define PACKAGE_TARNAME "cufflinks"
#define PACKAGE_VERSION "2.2.2"
#define PACKAGE_STRING "cufflinks 2.2.2"
#define PACKAGE_BUGREPORT "cole@cs.umd.edu"
#define PACKAGE_URL ""
#define SVN_REVISION "Unversioned directory"
#define PACKAGE "cufflinks"
#define VERSION "2.2.2"

configure: exit 77
